<?xml version="1.0" encoding="utf-8"?><testsuites><testsuite name="pytest" errors="0" failures="0" skipped="0" tests="3" time="25.774" timestamp="2024-09-27T00:24:43.302689+05:30" hostname="DESKTOP-DP2ENR9"><testcase classname="test_HomePage.TestHomePage" name="test_formSubmission[getData0]" time="4.174" /><testcase classname="test_HomePage.TestHomePage" name="test_formSubmission[getData1]" time="2.569" /><testcase classname="test_e2e.TestOne" name="test_e2e" time="7.561" /></testsuite></testsuites>